GET / 200 278 - 10.608 ms
GET / 304 - - 6.885 ms
GET / 200 690 - 15.812 ms
GET / 200 721 - 18.139 ms
GET / 304 - - 18.653 ms
GET / 304 - - 10.193 ms
GET / 304 - - 6.397 ms
GET / 304 - - 5.757 ms
GET / 304 - - 4.641 ms
GET / 304 - - 7.463 ms
GET / 304 - - 4.820 ms
GET / 304 - - 4.832 ms
GET / 304 - - 2.493 ms
GET /dashboard 404 148 - 3.667 ms
GET / 304 - - 5.064 ms
GET /login 200 1343 - 5.732 ms
GET /login 200 1112 - 19.669 ms
GET /login 304 - - 6.941 ms
GET / 304 - - 5.762 ms
GET / 304 - - 4.772 ms
GET /login 304 - - 6.350 ms
GET /signup 404 145 - 3.584 ms
GET / 304 - - 19.195 ms
GET / 304 - - 7.565 ms
GET /login 304 - - 6.081 ms
GET / 304 - - 4.999 ms
GET /dashboard 404 148 - 2.338 ms
GET /dashboard 404 148 - 1.221 ms
GET / 304 - - 2.965 ms
GET / 200 721 - 21.232 ms
GET /login 304 - - 6.533 ms
GET /login 304 - - 11.547 ms
GET / 304 - - 6.645 ms
GET / 200 763 - 18.566 ms
GET / 304 - - 6.871 ms
GET / 304 - - 19.095 ms
GET / 304 - - 5.883 ms
GET / 304 - - 18.139 ms
GET / 304 - - 17.825 ms
GET / 304 - - 13.296 ms
GET / 304 - - 7.652 ms
GET / 304 - - 17.878 ms
GET / 200 712 - 18.612 ms
GET / 304 - - 16.921 ms
GET / 304 - - 4.461 ms
GET / 304 - - 9.857 ms
GET /login 200 1103 - 7.248 ms
GET /signup 404 145 - 4.486 ms
GET /login 304 - - 5.631 ms
GET /signup 404 145 - 1.919 ms
GET /login 304 - - 5.647 ms
GET /login 200 1111 - 18.249 ms
GET /public/js/login.js 404 157 - 1.809 ms
GET /login 304 - - 6.972 ms
GET /public/js/login.js 404 157 - 0.792 ms
GET / 304 - - 5.846 ms
GET / 304 - - 5.307 ms
GET /login 304 - - 8.858 ms
GET /public/js/login.js 404 157 - 0.444 ms
GET /signup 404 145 - 1.196 ms
GET /signup 500 1474 - 6.399 ms
GET / 304 - - 19.665 ms
GET /login 304 - - 7.199 ms
GET /public/js/login.js 404 157 - 1.361 ms
GET /signup 500 1474 - 2.004 ms
GET /signup 200 1116 - 19.218 ms
GET /public/js/signup.js 404 158 - 1.574 ms
GET / 500 37 - 6.511 ms
GET / 500 37 - 2.942 ms
GET / 500 37 - 4.609 ms
GET / 500 37 - 2.904 ms
GET / 500 37 - 1.267 ms
GET / 500 37 - 1.793 ms
GET /login 200 1053 - 23.129 ms
GET /public/js/login.js 404 - - 0.544 ms
GET /login 304 - - 6.829 ms
GET /public/js/login.js 404 - - 0.533 ms
GET /login 304 - - 7.132 ms
GET /public/js/login.js 404 - - 0.820 ms
GET / 500 37 - 1.377 ms
GET / 500 37 - 3.084 ms
GET / 500 37 - 2.036 ms
GET / 500 37 - 2.519 ms
GET / 500 37 - 3.983 ms
GET / 500 37 - 1.974 ms
GET / 500 37 - 2.968 ms
GET / 500 37 - 2.465 ms
GET / 500 37 - 2.919 ms
GET / 500 37 - 1.021 ms
GET /login 200 1053 - 25.227 ms
GET /public/js/login.js 404 - - 0.350 ms
GET /signup 200 1058 - 7.665 ms
GET /public/js/signup.js 404 - - 0.293 ms
GET /signup? 200 1058 - 6.026 ms
GET /public/js/signup.js 404 - - 0.275 ms
GET /dashboard 404 - - 4.065 ms
GET / 500 37 - 5.455 ms
GET / 500 37 - 2.282 ms
GET /home 404 - - 1.659 ms
GET / 500 37 - 6.590 ms
GET / 500 37 - 6.435 ms
GET / 200 684 - 18.209 ms
GET /login 200 1070 - 10.231 ms
GET /public/js/login.js 404 - - 0.748 ms
GET /signup 200 1075 - 8.069 ms
GET /public/js/signup.js 404 - - 0.733 ms
GET /signup? 200 1075 - 7.657 ms
GET /public/js/signup.js 404 - - 0.293 ms
GET / 304 - - 12.189 ms
GET /login 304 - - 6.789 ms
GET /public/js/login.js 404 - - 0.759 ms
GET /signup 200 1078 - 7.310 ms
GET /public/js/signup.js 404 - - 0.516 ms
GET /signup? 200 1078 - 9.315 ms
GET /public/js/signup.js 404 - - 0.315 ms
GET / 304 - - 14.629 ms
GET /login 304 - - 8.103 ms
GET /public/js/login.js 404 - - 0.692 ms
GET /signup 304 - - 10.587 ms
GET /public/js/signup.js 404 - - 0.389 ms
GET /signup? 304 - - 3.689 ms
GET /public/js/signup.js 404 - - 0.200 ms
GET /signup? 304 - - 10.013 ms
GET /public/js/signup.js 404 - - 0.528 ms
GET / 304 - - 14.250 ms
GET /login 304 - - 9.530 ms
GET /public/js/login.js 404 - - 0.791 ms
GET /login? 200 1070 - 9.203 ms
GET /public/js/login.js 404 - - 0.366 ms
GET / 304 - - 12.012 ms
GET /dashboard 404 - - 2.821 ms
GET / 200 690 - 18.362 ms
GET /login 200 1076 - 5.158 ms
GET /public/js/login.js 404 - - 0.745 ms
GET /signup 200 1073 - 7.307 ms
POST /api/user 200 99 - 83.814 ms
GET /dashboard 500 699 - 2.349 ms
GET /dashboard 200 970 - 12.039 ms
GET /css/style.css 404 - - 0.457 ms
GET /dashboard 304 - - 10.829 ms
GET /css/style.css 404 - - 0.331 ms
GET / 200 698 - 11.195 ms
GET / 304 - - 9.467 ms
GET / 304 - - 8.417 ms
GET / 304 - - 9.162 ms
GET / 304 - - 9.473 ms
GET / 304 - - 9.610 ms
GET / 304 - - 10.797 ms
GET / 304 - - 9.460 ms
GET /dashboard 304 - - 11.796 ms
GET /css/style.css 404 - - 0.245 ms
GET /dashboard 200 969 - 3.053 ms
GET /dashboard 304 - - 10.127 ms
GET /dashboard 304 - - 9.296 ms
GET /dashboard 200 751 - 10.556 ms
GET /dashboard/new 404 - - 0.739 ms
GET / 500 1474 - 6.826 ms
GET / 500 1474 - 5.942 ms
GET / 500 1788 - 36.102 ms
GET / 500 1796 - 19.409 ms
GET / 500 1796 - 16.040 ms
GET / 200 764 - 36.258 ms
GET /login 200 1171 - 10.014 ms
GET /signup 200 1177 - 11.245 ms
POST /api/user 200 100 - 83.924 ms
GET /dashboard 200 903 - 4.919 ms
GET /dashboard 304 - - 13.902 ms
GET / 200 814 - 11.718 ms
GET / 304 - - 11.001 ms
GET / 304 - - 11.369 ms
GET / 304 - - 12.390 ms
GET /dashboard 304 - - 11.119 ms
GET / 304 - - 11.964 ms
GET / 304 - - 38.738 ms
GET /dashboard 200 981 - 18.203 ms
GET /dashboard/new 200 1432 - 8.969 ms
GET /dashboard/css/main.css 404 161 - 4.825 ms
GET /dashboard/new 200 1559 - 39.587 ms
GET /dashboard/css/main.css 404 161 - 3.310 ms
GET / 304 - - 23.156 ms
GET /dashboard 304 - - 18.290 ms
GET /dashboard/new 304 - - 9.120 ms
GET /dashboard/css/main.css 404 161 - 5.011 ms
GET /dashboard 304 - - 37.079 ms
GET / 304 - - 17.137 ms
GET /dashboard 304 - - 14.975 ms
POST /api/user/logout 204 - - 7.750 ms
GET / 200 764 - 16.973 ms
GET / 304 - - 29.311 ms
GET /login 304 - - 10.441 ms
POST /api/user/login 200 144 - 83.638 ms
GET /dashboard 304 - - 5.004 ms
GET /dashboard/new 304 - - 10.405 ms
GET /dashboard/css/main.css 404 161 - 3.811 ms
POST /api/post 200 117 - 14.921 ms
GET / 500 1703 - 16.998 ms
GET / 200 1187 - 42.072 ms
GET /dashboard 200 1264 - 24.373 ms
GET / 304 - - 18.062 ms
GET /dashboard 304 - - 17.892 ms
GET /dashboard/new 304 - - 8.435 ms
GET /dashboard/css/main.css 404 161 - 4.000 ms
POST /api/post 200 121 - 8.688 ms
GET / 200 1564 - 14.546 ms
GET / 200 1514 - 24.852 ms
GET /login 200 1171 - 10.032 ms
POST /api/user/login 200 144 - 85.348 ms
GET /dashboard 200 1537 - 5.528 ms
GET /dashboard/new 200 1559 - 8.492 ms
GET /dashboard/css/main.css 404 161 - 2.627 ms
POST /api/post 200 116 - 14.038 ms
GET /dashboard/css/main.css 404 161 - 1.485 ms
GET /dashboard/new 304 - - 35.785 ms
GET /dashboard/css/main.css 404 161 - 2.963 ms
POST /api/post 200 117 - 11.943 ms
GET /dashboard 200 2082 - 14.256 ms
GET /dashboard/edit/1 200 1739 - 37.690 ms
GET /public/css/style.css 404 159 - 1.798 ms
GET /dashboard/edit/1 304 - - 17.451 ms
GET /public/css/style.css 404 159 - 2.257 ms
GET /public/css/style.css 404 159 - 0.971 ms
GET /dashboard/edit/1 304 - - 15.521 ms
GET /public/css/style.css 404 159 - 0.778 ms
GET / 200 2323 - 28.603 ms
GET /public/css/style.css 404 159 - 0.517 ms
GET / 200 2311 - 44.410 ms
GET / 304 - - 21.052 ms
GET /dashboard 200 2084 - 25.562 ms
GET /dashboard/edit/1 200 1727 - 14.805 ms
GET /dashboard/edit/1 304 - - 39.462 ms
GET /dashboard 304 - - 30.634 ms
GET /dashboard/edit/1 304 - - 12.894 ms
DELETE /api/post/1 500 2 - 2.161 ms
GET /dashboard 200 1814 - 12.686 ms
GET /dashboard/edit/4 200 1727 - 11.150 ms
DELETE /api/post/4 500 2 - 1.488 ms
GET /dashboard 200 1542 - 10.147 ms
GET /dashboard/edit/3 200 1726 - 11.269 ms
DELETE /api/post/3 500 2 - 1.044 ms
GET /dashboard 200 1269 - 7.445 ms
GET /dashboard/edit/2 200 1731 - 11.468 ms
GET /dashboard/edit/2 304 - - 35.660 ms
POST /api/post/2 404 150 - 2.456 ms
GET /dashboard 304 - - 32.498 ms
GET /dashboard 304 - - 17.441 ms
GET /dashboard 304 - - 12.002 ms
GET /dashboard 304 - - 14.664 ms
GET /dashboard 304 - - 15.579 ms
GET / 200 1193 - 14.576 ms
GET /post/2 200 1602 - 23.301 ms
POST /api/comment 500 407 - 7.468 ms
POST /api/comment 500 407 - 3.383 ms
GET /post/2 304 - - 25.860 ms
POST /api/comments 404 152 - 1.109 ms
GET /post/2 304 - - 20.318 ms
GET /post/2 304 - - 17.302 ms
GET /dashboard 304 - - 14.064 ms
GET /dashboard/new 200 1561 - 5.617 ms
POST /api/post 200 115 - 13.878 ms
GET /dashboard 200 1541 - 9.070 ms
GET /dashboard/edit/5 200 1725 - 11.058 ms
GET / 200 1564 - 14.589 ms
GET /post/5 200 1596 - 14.060 ms
POST /api/comment 200 98 - 9.463 ms
GET /post/5 200 1743 - 12.989 ms
GET / 304 - - 12.179 ms
GET /post/2 304 - - 16.956 ms
POST /api/comment 200 98 - 9.758 ms
GET /post/2 200 1749 - 10.673 ms
GET / 200 1514 - 17.586 ms
GET /dashboard 302 56 - 3.542 ms
GET /login 200 1173 - 7.868 ms
GET /login 304 - - 6.023 ms
POST /api/user/login 200 144 - 93.153 ms
GET /dashboard 200 1541 - 3.773 ms
GET / 200 1564 - 11.003 ms
GET /post/2 304 - - 18.769 ms
GET /dashboard 304 - - 5.565 ms
GET /dashboard/edit/5 304 - - 9.971 ms
GET / 304 - - 11.954 ms
GET /post/2 304 - - 15.625 ms
GET /dashboard 304 - - 12.885 ms
GET /dashboard/edit/5 304 - - 9.224 ms
DELETE /api/post/5 500 2 - 1.786 ms
POST /api/post/5 404 150 - 5.492 ms
GET /dashboard 200 1269 - 3.774 ms
GET /dashboard 304 - - 12.635 ms
GET /dashboard 304 - - 12.959 ms
GET /dashboard/edit/2 304 - - 10.691 ms
DELETE /api/post/2 500 2 - 1.114 ms
POST /api/post/2 404 150 - 0.927 ms
GET /dashboard 200 983 - 4.655 ms
GET /dashboard 304 - - 11.702 ms
GET / 200 816 - 11.596 ms
GET /dashboard 304 - - 9.230 ms
GET /dashboard/new 304 - - 2.395 ms
POST /api/post 200 116 - 10.540 ms
GET /dashboard 200 1267 - 11.316 ms
GET /dashboard/edit/6 200 1726 - 7.779 ms
POST /api/post/6 404 150 - 0.764 ms
GET /dashboard 304 - - 9.812 ms
GET / 200 1188 - 20.220 ms
GET /post/6 200 1597 - 15.864 ms
POST /api/comment 200 96 - 13.027 ms
GET /post/6 200 1742 - 9.803 ms
GET /dashboard 304 - - 10.131 ms
GET /dashboard/edit/6 304 - - 7.773 ms
POST /api/post/6 404 150 - 0.869 ms
GET /dashboard 304 - - 13.740 ms
GET /dashboard/edit/6 304 - - 7.762 ms
POST /api/post/6 404 150 - 0.815 ms
GET /dashboard 304 - - 9.348 ms
GET /dashboard/edit/6 304 - - 7.488 ms
POST /api/post/6 404 150 - 1.883 ms
GET /dashboard 304 - - 11.880 ms
GET /dashboard/edit/6 304 - - 9.365 ms
POST /api/post/6 404 150 - 1.155 ms
GET /dashboard 304 - - 10.545 ms
GET /dashboard/edit/6 304 - - 9.008 ms
POST /api/post/6 404 150 - 1.158 ms
GET /dashboard/edit/4 302 56 - 6.190 ms
GET /login 200 1173 - 22.647 ms
GET /signup 200 1179 - 14.812 ms
POST /api/user 200 101 - 87.738 ms
GET /dashboard 200 983 - 7.307 ms
GET /dashboard/new 200 1561 - 6.930 ms
POST /api/post 200 115 - 14.287 ms
GET /dashboard 200 1267 - 12.554 ms
GET /dashboard/new 304 - - 7.370 ms
POST /api/post 200 110 - 12.726 ms
GET /dashboard 200 1541 - 11.243 ms
GET /dashboard/edit/1 200 1725 - 26.706 ms
POST /api/post/1 404 150 - 2.581 ms
GET /dashboard 304 - - 17.275 ms
GET /dashboard/edit/1 304 - - 14.876 ms
POST /api/post/1 404 150 - 1.284 ms
GET /dashboard 304 - - 12.903 ms
GET /dashboard 304 - - 41.804 ms
GET /dashboard/edit/1 304 - - 19.655 ms
POST /api/post/1 404 150 - 1.672 ms
GET /dashboard 304 - - 20.682 ms
GET /dashboard/edit/2 200 1720 - 11.245 ms
POST /api/post/2 404 150 - 1.922 ms
GET /dashboard 304 - - 23.866 ms
GET /dashboard/edit/1 304 - - 8.685 ms
POST /api/post/1 404 150 - 1.360 ms
GET /dashboard 304 - - 20.948 ms
GET /dashboard/edit/2 304 - - 9.959 ms
GET / 200 1555 - 20.072 ms
GET /post/1 200 1597 - 24.309 ms
POST /api/comment 200 97 - 13.154 ms
GET /post/1 200 1743 - 8.362 ms
GET / 304 - - 15.249 ms
GET /post/2 200 1592 - 15.584 ms
POST /api/comment 200 98 - 4.509 ms
GET /post/2 200 1739 - 6.874 ms
GET /dashboard 304 - - 15.047 ms
GET /dashboard/edit/2 304 - - 9.055 ms
GET /dashboard 302 56 - 6.043 ms
GET /login 200 1173 - 27.017 ms
POST /api/user/login 200 145 - 83.354 ms
GET /dashboard 200 1541 - 8.649 ms
GET /dashboard/edit/1 200 1716 - 13.378 ms
POST /api/post/1 404 150 - 4.018 ms
GET /dashboard 304 - - 39.542 ms
GET /dashboard/edit/1 304 - - 16.406 ms
GET / 304 - - 24.184 ms
GET /dashboard 304 - - 17.089 ms
GET /dashboard/edit/1 304 - - 11.864 ms
GET /dashboard 304 - - 13.081 ms
GET /dashboard/edit/1 304 - - 10.341 ms
GET / 304 - - 16.445 ms
GET / 304 - - 25.565 ms
GET / 304 - - 18.755 ms
GET / 304 - - 13.473 ms
GET /dashboard 304 - - 16.454 ms
GET /dashboard/new 304 - - 9.057 ms
POST /api/post 200 104 - 9.143 ms
GET /dashboard 200 1813 - 11.399 ms
GET /dashboard/edit/3 200 1705 - 13.128 ms
POST /api/post/3 404 150 - 3.673 ms
GET /dashboard 304 - - 15.320 ms
GET /dashboard/edit/3 304 - - 10.707 ms
GET /dashboard/edit/3 304 - - 24.444 ms
GET /dashboard/edit/3 304 - - 15.743 ms
GET /dashboard/edit/3 304 - - 14.543 ms
GET /dashboard 304 - - 27.611 ms
GET /dashboard/edit/3 304 - - 7.486 ms
GET /dashboard 304 - - 42.723 ms
GET /dashboard/edit/3 304 - - 15.861 ms
POST /api/post/3 404 150 - 2.419 ms
GET /dashboard 304 - - 19.887 ms
GET /dashboard 304 - - 23.817 ms
GET /dashboard/edit/3 304 - - 19.742 ms
GET / 200 1916 - 21.717 ms
GET /post/3 200 1586 - 21.216 ms
POST /api/comment 500 405 - 3.634 ms
POST /api/comment 500 405 - 2.216 ms
GET /post/3 304 - - 42.748 ms
POST /api/comment 500 405 - 4.622 ms
GET / 304 - - 25.441 ms
GET / 304 - - 18.628 ms
GET / 304 - - 15.341 ms
GET / 304 - - 14.716 ms
GET /post/1 304 - - 7.592 ms
POST /api/comment 200 97 - 7.466 ms
GET /post/1 200 1889 - 13.736 ms
GET /dashboard 304 - - 18.844 ms
GET / 304 - - 17.100 ms
GET /post/3 304 - - 19.122 ms
POST /api/comment 200 98 - 11.250 ms
GET /post/3 200 1733 - 11.491 ms
GET /dashboard 304 - - 12.456 ms
GET /dashboard/edit/3 304 - - 12.429 ms
DELETE /api/post/3 500 2 - 2.947 ms
GET /dashboard 200 1541 - 10.398 ms
GET /dashboard/edit/1 304 - - 10.725 ms
POST /api/post/1 404 150 - 3.062 ms
GET /dashboard 304 - - 14.836 ms
GET / 200 1505 - 28.727 ms
GET /dashboard 302 56 - 4.493 ms
GET /login 200 1173 - 10.012 ms
POST /api/user/login 400 50 - 81.145 ms
POST /api/user/login 200 145 - 96.230 ms
GET /dashboard 200 1541 - 6.270 ms
GET /dashboard/edit/1 304 - - 15.641 ms
POST /api/post/1 404 150 - 3.643 ms
GET /dashboard 304 - - 15.141 ms
GET /dashboard/edit/1 304 - - 11.426 ms
POST /api/post/1 404 150 - 1.647 ms
GET /dashboard 304 - - 18.442 ms
GET /dashboard/edit/1 304 - - 11.558 ms
POST /api/post/1 404 150 - 1.097 ms
